# JRE version: OpenJDK Runtime Environment Temurin-17.0.6+10 (17.0.6+10) (build 17.0.6+10)
# Java VM: OpenJDK 64-Bit Server VM Temurin-17.0.6+10 (17.0.6+10, mixed mode, tiered, compressed oops, compressed class ptrs, parallel gc, linux-amd64)
GC Precious Log:
 CPUs: 24 total, 24 available
 Memory: 16002M
 Large Page Support: Disabled
 NUMA Support: Disabled
 Compressed Oops: Enabled (32-bit)
 Alignments: Space 512K, Generation 512K, Heap 2M
 Heap Min Capacity: 100M
 Heap Initial Capacity: 100M
 Heap Max Capacity: 1G
 Pre-touch: Disabled
 Parallel Workers: 18
Heap:
 PSYoungGen      total 14848K, used 11271K [0x00000000eab00000, 0x00000000ebd80000, 0x0000000100000000)
  eden space 13312K, 80% used [0x00000000eab00000,0x00000000eb579e50,0x00000000eb800000)
  from space 1536K, 35% used [0x00000000eba80000,0x00000000ebb08000,0x00000000ebc00000)
  to   space 1024K, 0% used [0x00000000ebc80000,0x00000000ebc80000,0x00000000ebd80000)
 ParOldGen       total 68608K, used 54422K [0x00000000c0000000, 0x00000000c4300000, 0x00000000eab00000)
  object space 68608K, 79% used [0x00000000c0000000,0x00000000c35258f0,0x00000000c4300000)
 Metaspace       used 66111K, committed 67072K, reserved 1114112K
  class space    used 7591K, committed 8000K, reserved 1048576K
GC Heap History (20 events):
Event: 84.299 GC heap before
{Heap before GC invocations=63 (full 3):
 PSYoungGen      total 14336K, used 13536K [0x00000000eab00000, 0x00000000ebe00000, 0x0000000100000000)
  eden space 13312K, 100% used [0x00000000eab00000,0x00000000eb800000,0x00000000eb800000)
  from space 1024K, 21% used [0x00000000ebc00000,0x00000000ebc38000,0x00000000ebd00000)
  to   space 512K, 0% used [0x00000000ebd80000,0x00000000ebd80000,0x00000000ebe00000)
 ParOldGen       total 68608K, used 52209K [0x00000000c0000000, 0x00000000c4300000, 0x00000000eab00000)
  object space 68608K, 76% used [0x00000000c0000000,0x00000000c32fc618,0x00000000c4300000)
 Metaspace       used 62114K, committed 62976K, reserved 1105920K
  class space    used 7206K, committed 7616K, reserved 1048576K
}
Event: 84.300 GC heap after
{Heap after GC invocations=63 (full 3):
 PSYoungGen      total 13824K, used 224K [0x00000000eab00000, 0x00000000ebe00000, 0x0000000100000000)
  eden space 13312K, 0% used [0x00000000eab00000,0x00000000eab00000,0x00000000eb800000)
  from space 512K, 43% used [0x00000000ebd80000,0x00000000ebdb8000,0x00000000ebe00000)
  to   space 512K, 0% used [0x00000000ebd00000,0x00000000ebd00000,0x00000000ebd80000)
 ParOldGen       total 68608K, used 52209K [0x00000000c0000000, 0x00000000c4300000, 0x00000000eab00000)
  object space 68608K, 76% used [0x00000000c0000000,0x00000000c32fc618,0x00000000c4300000)
 Metaspace       used 62114K, committed 62976K, reserved 1105920K
  class space    used 7206K, committed 7616K, reserved 1048576K
}
Event: 84.337 GC heap before
{Heap before GC invocations=64 (full 3):
 PSYoungGen      total 13824K, used 13536K [0x00000000eab00000, 0x00000000ebe00000, 0x0000000100000000)
  eden space 13312K, 100% used [0x00000000eab00000,0x00000000eb800000,0x00000000eb800000)
  from space 512K, 43% used [0x00000000ebd80000,0x00000000ebdb8000,0x00000000ebe00000)
  to   space 512K, 0% used [0x00000000ebd00000,0x00000000ebd00000,0x00000000ebd80000)
 ParOldGen       total 68608K, used 52209K [0x00000000c0000000, 0x00000000c4300000, 0x00000000eab00000)
  object space 68608K, 76% used [0x00000000c0000000,0x00000000c32fc618,0x00000000c4300000)
 Metaspace       used 62116K, committed 62976K, reserved 1105920K
  class space    used 7206K, committed 7616K, reserved 1048576K
}
Event: 84.338 GC heap after
{Heap after GC invocations=64 (full 3):
 PSYoungGen      total 13824K, used 512K [0x00000000eab00000, 0x00000000ebe00000, 0x0000000100000000)
  eden space 13312K, 0% used [0x00000000eab00000,0x00000000eab00000,0x00000000eb800000)
  from space 512K, 100% used [0x00000000ebd00000,0x00000000ebd80000,0x00000000ebd80000)
  to   space 512K, 0% used [0x00000000ebd80000,0x00000000ebd80000,0x00000000ebe00000)
 ParOldGen       total 68608K, used 52209K [0x00000000c0000000, 0x00000000c4300000, 0x00000000eab00000)
  object space 68608K, 76% used [0x00000000c0000000,0x00000000c32fc618,0x00000000c4300000)
 Metaspace       used 62116K, committed 62976K, reserved 1105920K
  class space    used 7206K, committed 7616K, reserved 1048576K
}
Event: 84.369 GC heap before
{Heap before GC invocations=65 (full 3):
 PSYoungGen      total 13824K, used 13824K [0x00000000eab00000, 0x00000000ebe00000, 0x0000000100000000)
  eden space 13312K, 100% used [0x00000000eab00000,0x00000000eb800000,0x00000000eb800000)
  from space 512K, 100% used [0x00000000ebd00000,0x00000000ebd80000,0x00000000ebd80000)
  to   space 512K, 0% used [0x00000000ebd80000,0x00000000ebd80000,0x00000000ebe00000)
 ParOldGen       total 68608K, used 52209K [0x00000000c0000000, 0x00000000c4300000, 0x00000000eab00000)
  object space 68608K, 76% used [0x00000000c0000000,0x00000000c32fc618,0x00000000c4300000)
 Metaspace       used 62116K, committed 62976K, reserved 1105920K
  class space    used 7206K, committed 7616K, reserved 1048576K
}
Event: 84.370 GC heap after
{Heap after GC invocations=65 (full 3):
 PSYoungGen      total 13824K, used 128K [0x00000000eab00000, 0x00000000ebe00000, 0x0000000100000000)
  eden space 13312K, 0% used [0x00000000eab00000,0x00000000eab00000,0x00000000eb800000)
  from space 512K, 25% used [0x00000000ebd80000,0x00000000ebda0000,0x00000000ebe00000)
  to   space 512K, 0% used [0x00000000ebd00000,0x00000000ebd00000,0x00000000ebd80000)
 ParOldGen       total 68608K, used 52321K [0x00000000c0000000, 0x00000000c4300000, 0x00000000eab00000)
  object space 68608K, 76% used [0x00000000c0000000,0x00000000c3318618,0x00000000c4300000)
 Metaspace       used 62116K, committed 62976K, reserved 1105920K
  class space    used 7206K, committed 7616K, reserved 1048576K
}
Event: 84.805 GC heap before
{Heap before GC invocations=66 (full 3):
 PSYoungGen      total 13824K, used 11580K [0x00000000eab00000, 0x00000000ebe00000, 0x0000000100000000)
  eden space 13312K, 86% used [0x00000000eab00000,0x00000000eb62f3e0,0x00000000eb800000)
  from space 512K, 25% used [0x00000000ebd80000,0x00000000ebda0000,0x00000000ebe00000)
  to   space 512K, 0% used [0x00000000ebd00000,0x00000000ebd00000,0x00000000ebd80000)
 ParOldGen       total 68608K, used 52321K [0x00000000c0000000, 0x00000000c4300000, 0x00000000eab00000)
  object space 68608K, 76% used [0x00000000c0000000,0x00000000c3318618,0x00000000c4300000)
 Metaspace       used 62284K, committed 63232K, reserved 1105920K
  class space    used 7227K, committed 7680K, reserved 1048576K
}
Event: 84.807 GC heap after
{Heap after GC invocations=66 (full 3):
 PSYoungGen      total 13824K, used 512K [0x00000000eab00000, 0x00000000ebe00000, 0x0000000100000000)
  eden space 13312K, 0% used [0x00000000eab00000,0x00000000eab00000,0x00000000eb800000)
  from space 512K, 100% used [0x00000000ebd00000,0x00000000ebd80000,0x00000000ebd80000)
  to   space 512K, 0% used [0x00000000ebd80000,0x00000000ebd80000,0x00000000ebe00000)
 ParOldGen       total 68608K, used 52345K [0x00000000c0000000, 0x00000000c4300000, 0x00000000eab00000)
  object space 68608K, 76% used [0x00000000c0000000,0x00000000c331e618,0x00000000c4300000)
 Metaspace       used 62284K, committed 63232K, reserved 1105920K
  class space    used 7227K, committed 7680K, reserved 1048576K
}
Event: 85.053 GC heap before
{Heap before GC invocations=67 (full 3):
 PSYoungGen      total 13824K, used 13824K [0x00000000eab00000, 0x00000000ebe00000, 0x0000000100000000)
  eden space 13312K, 100% used [0x00000000eab00000,0x00000000eb800000,0x00000000eb800000)
  from space 512K, 100% used [0x00000000ebd00000,0x00000000ebd80000,0x00000000ebd80000)
  to   space 512K, 0% used [0x00000000ebd80000,0x00000000ebd80000,0x00000000ebe00000)
 ParOldGen       total 68608K, used 52345K [0x00000000c0000000, 0x00000000c4300000, 0x00000000eab00000)
  object space 68608K, 76% used [0x00000000c0000000,0x00000000c331e618,0x00000000c4300000)
 Metaspace       used 62641K, committed 63552K, reserved 1105920K
  class space    used 7261K, committed 7680K, reserved 1048576K
}
Event: 85.056 GC heap after
{Heap after GC invocations=67 (full 3):
 PSYoungGen      total 13824K, used 512K [0x00000000eab00000, 0x00000000ebe00000, 0x0000000100000000)
  eden space 13312K, 0% used [0x00000000eab00000,0x00000000eab00000,0x00000000eb800000)
  from space 512K, 100% used [0x00000000ebd80000,0x00000000ebe00000,0x00000000ebe00000)
  to   space 1024K, 0% used [0x00000000ebc00000,0x00000000ebc00000,0x00000000ebd00000)
 ParOldGen       total 68608K, used 52622K [0x00000000c0000000, 0x00000000c4300000, 0x00000000eab00000)
  object space 68608K, 76% used [0x00000000c0000000,0x00000000c3363840,0x00000000c4300000)
 Metaspace       used 62641K, committed 63552K, reserved 1105920K
  class space    used 7261K, committed 7680K, reserved 1048576K
}
Event: 85.128 GC heap before
{Heap before GC invocations=68 (full 3):
 PSYoungGen      total 13824K, used 13824K [0x00000000eab00000, 0x00000000ebe00000, 0x0000000100000000)
  eden space 13312K, 100% used [0x00000000eab00000,0x00000000eb800000,0x00000000eb800000)
  from space 512K, 100% used [0x00000000ebd80000,0x00000000ebe00000,0x00000000ebe00000)
  to   space 1024K, 0% used [0x00000000ebc00000,0x00000000ebc00000,0x00000000ebd00000)
 ParOldGen       total 68608K, used 52622K [0x00000000c0000000, 0x00000000c4300000, 0x00000000eab00000)
  object space 68608K, 76% used [0x00000000c0000000,0x00000000c3363840,0x00000000c4300000)
 Metaspace       used 62808K, committed 63680K, reserved 1105920K
  class space    used 7275K, committed 7680K, reserved 1048576K
}
Event: 85.129 GC heap after
{Heap after GC invocations=68 (full 3):
 PSYoungGen      total 14336K, used 608K [0x00000000eab00000, 0x00000000ebe00000, 0x0000000100000000)
  eden space 13312K, 0% used [0x00000000eab00000,0x00000000eab00000,0x00000000eb800000)
  from space 1024K, 59% used [0x00000000ebc00000,0x00000000ebc98000,0x00000000ebd00000)
  to   space 1024K, 0% used [0x00000000ebd00000,0x00000000ebd00000,0x00000000ebe00000)
 ParOldGen       total 68608K, used 52959K [0x00000000c0000000, 0x00000000c4300000, 0x00000000eab00000)
  object space 68608K, 77% used [0x00000000c0000000,0x00000000c33b7cb0,0x00000000c4300000)
 Metaspace       used 62808K, committed 63680K, reserved 1105920K
  class space    used 7275K, committed 7680K, reserved 1048576K
}
Event: 85.300 GC heap before
{Heap before GC invocations=69 (full 3):
 PSYoungGen      total 14336K, used 13920K [0x00000000eab00000, 0x00000000ebe00000, 0x0000000100000000)
  eden space 13312K, 100% used [0x00000000eab00000,0x00000000eb800000,0x00000000eb800000)
  from space 1024K, 59% used [0x00000000ebc00000,0x00000000ebc98000,0x00000000ebd00000)
  to   space 1024K, 0% used [0x00000000ebd00000,0x00000000ebd00000,0x00000000ebe00000)
 ParOldGen       total 68608K, used 52959K [0x00000000c0000000, 0x00000000c4300000, 0x00000000eab00000)
  object space 68608K, 77% used [0x00000000c0000000,0x00000000c33b7cb0,0x00000000c4300000)
 Metaspace       used 64598K, committed 65600K, reserved 1114112K
  class space    used 7452K, committed 7872K, reserved 1048576K
}
Event: 85.301 GC heap after
{Heap after GC invocations=69 (full 3):
 PSYoungGen      total 14336K, used 662K [0x00000000eab00000, 0x00000000ebe00000, 0x0000000100000000)
  eden space 13312K, 0% used [0x00000000eab00000,0x00000000eab00000,0x00000000eb800000)
  from space 1024K, 64% used [0x00000000ebd00000,0x00000000ebda5a20,0x00000000ebe00000)
  to   space 1024K, 0% used [0x00000000ebc00000,0x00000000ebc00000,0x00000000ebd00000)
 ParOldGen       total 68608K, used 53343K [0x00000000c0000000, 0x00000000c4300000, 0x00000000eab00000)
  object space 68608K, 77% used [0x00000000c0000000,0x00000000c3417cc0,0x00000000c4300000)
 Metaspace       used 64598K, committed 65600K, reserved 1114112K
  class space    used 7452K, committed 7872K, reserved 1048576K
}
Event: 86.097 GC heap before
{Heap before GC invocations=70 (full 3):
 PSYoungGen      total 14336K, used 13970K [0x00000000eab00000, 0x00000000ebe00000, 0x0000000100000000)
  eden space 13312K, 99% used [0x00000000eab00000,0x00000000eb7ff050,0x00000000eb800000)
  from space 1024K, 64% used [0x00000000ebd00000,0x00000000ebda5a20,0x00000000ebe00000)
  to   space 1024K, 0% used [0x00000000ebc00000,0x00000000ebc00000,0x00000000ebd00000)
 ParOldGen       total 68608K, used 53343K [0x00000000c0000000, 0x00000000c4300000, 0x00000000eab00000)
  object space 68608K, 77% used [0x00000000c0000000,0x00000000c3417cc0,0x00000000c4300000)
 Metaspace       used 65243K, committed 66240K, reserved 1114112K
  class space    used 7511K, committed 7936K, reserved 1048576K
}
Event: 86.099 GC heap after
{Heap after GC invocations=70 (full 3):
 PSYoungGen      total 14336K, used 704K [0x00000000eab00000, 0x00000000ebd80000, 0x0000000100000000)
  eden space 13312K, 0% used [0x00000000eab00000,0x00000000eab00000,0x00000000eb800000)
  from space 1024K, 68% used [0x00000000ebc00000,0x00000000ebcb0000,0x00000000ebd00000)
  to   space 512K, 0% used [0x00000000ebd00000,0x00000000ebd00000,0x00000000ebd80000)
 ParOldGen       total 68608K, used 53748K [0x00000000c0000000, 0x00000000c4300000, 0x00000000eab00000)
  object space 68608K, 78% used [0x00000000c0000000,0x00000000c347d258,0x00000000c4300000)
 Metaspace       used 65243K, committed 66240K, reserved 1114112K
  class space    used 7511K, committed 7936K, reserved 1048576K
}
Event: 86.285 GC heap before
{Heap before GC invocations=71 (full 3):
 PSYoungGen      total 14336K, used 14016K [0x00000000eab00000, 0x00000000ebd80000, 0x0000000100000000)
  eden space 13312K, 100% used [0x00000000eab00000,0x00000000eb800000,0x00000000eb800000)
  from space 1024K, 68% used [0x00000000ebc00000,0x00000000ebcb0000,0x00000000ebd00000)
  to   space 512K, 0% used [0x00000000ebd00000,0x00000000ebd00000,0x00000000ebd80000)
 ParOldGen       total 68608K, used 53748K [0x00000000c0000000, 0x00000000c4300000, 0x00000000eab00000)
  object space 68608K, 78% used [0x00000000c0000000,0x00000000c347d258,0x00000000c4300000)
 Metaspace       used 65752K, committed 66688K, reserved 1114112K
  class space    used 7558K, committed 8000K, reserved 1048576K
}
Event: 86.287 GC heap after
{Heap after GC invocations=71 (full 3):
 PSYoungGen      total 13824K, used 512K [0x00000000eab00000, 0x00000000ebd80000, 0x0000000100000000)
  eden space 13312K, 0% used [0x00000000eab00000,0x00000000eab00000,0x00000000eb800000)
  from space 512K, 100% used [0x00000000ebd00000,0x00000000ebd80000,0x00000000ebd80000)
  to   space 1536K, 0% used [0x00000000eba80000,0x00000000eba80000,0x00000000ebc00000)
 ParOldGen       total 68608K, used 54222K [0x00000000c0000000, 0x00000000c4300000, 0x00000000eab00000)
  object space 68608K, 79% used [0x00000000c0000000,0x00000000c34f38d0,0x00000000c4300000)
 Metaspace       used 65752K, committed 66688K, reserved 1114112K
  class space    used 7558K, committed 8000K, reserved 1048576K
}
Event: 12004.526 GC heap before
{Heap before GC invocations=72 (full 3):
 PSYoungGen      total 13824K, used 13817K [0x00000000eab00000, 0x00000000ebd80000, 0x0000000100000000)
  eden space 13312K, 99% used [0x00000000eab00000,0x00000000eb7fe688,0x00000000eb800000)
  from space 512K, 100% used [0x00000000ebd00000,0x00000000ebd80000,0x00000000ebd80000)
  to   space 1536K, 0% used [0x00000000eba80000,0x00000000eba80000,0x00000000ebc00000)
 ParOldGen       total 68608K, used 54222K [0x00000000c0000000, 0x00000000c4300000, 0x00000000eab00000)
  object space 68608K, 79% used [0x00000000c0000000,0x00000000c34f38d0,0x00000000c4300000)
 Metaspace       used 66040K, committed 67008K, reserved 1114112K
  class space    used 7582K, committed 8000K, reserved 1048576K
}
Event: 12004.529 GC heap after
{Heap after GC invocations=72 (full 3):
 PSYoungGen      total 14848K, used 544K [0x00000000eab00000, 0x00000000ebd80000, 0x0000000100000000)
  eden space 13312K, 0% used [0x00000000eab00000,0x00000000eab00000,0x00000000eb800000)
  from space 1536K, 35% used [0x00000000eba80000,0x00000000ebb08000,0x00000000ebc00000)
  to   space 1024K, 0% used [0x00000000ebc80000,0x00000000ebc80000,0x00000000ebd80000)
 ParOldGen       total 68608K, used 54422K [0x00000000c0000000, 0x00000000c4300000, 0x00000000eab00000)
  object space 68608K, 79% used [0x00000000c0000000,0x00000000c35258f0,0x00000000c4300000)
 Metaspace       used 66040K, committed 67008K, reserved 1114112K
  class space    used 7582K, committed 8000K, reserved 1048576K
}

