# JRE version: OpenJDK Runtime Environment Temurin-17.0.6+10 (17.0.6+10) (build 17.0.6+10)
# Java VM: OpenJDK 64-Bit Server VM Temurin-17.0.6+10 (17.0.6+10, mixed mode, tiered, compressed oops, compressed class ptrs, parallel gc, linux-amd64)
GC Precious Log:
 CPUs: 24 total, 24 available
 Memory: 16002M
 Large Page Support: Disabled
 NUMA Support: Disabled
 Compressed Oops: Enabled (32-bit)
 Alignments: Space 512K, Generation 512K, Heap 2M
 Heap Min Capacity: 100M
 Heap Initial Capacity: 100M
 Heap Max Capacity: 1G
 Pre-touch: Disabled
 Parallel Workers: 18
Heap:
 PSYoungGen      total 22528K, used 6989K [0x00000000eab00000, 0x00000000ec280000, 0x0000000100000000)
  eden space 20992K, 31% used [0x00000000eab00000,0x00000000eb167520,0x00000000ebf80000)
  from space 1536K, 28% used [0x00000000ec000000,0x00000000ec06c010,0x00000000ec180000)
  to   space 1024K, 0% used [0x00000000ec180000,0x00000000ec180000,0x00000000ec280000)
 ParOldGen       total 68608K, used 62520K [0x00000000c0000000, 0x00000000c4300000, 0x00000000eab00000)
  object space 68608K, 91% used [0x00000000c0000000,0x00000000c3d0e0f0,0x00000000c4300000)
 Metaspace       used 66692K, committed 67712K, reserved 1114112K
  class space    used 7604K, committed 8064K, reserved 1048576K
GC Heap History (20 events):
Event: 101.644 GC heap before
{Heap before GC invocations=65 (full 3):
 PSYoungGen      total 22016K, used 21568K [0x00000000eab00000, 0x00000000ec400000, 0x0000000100000000)
  eden space 20992K, 100% used [0x00000000eab00000,0x00000000ebf80000,0x00000000ebf80000)
  from space 1024K, 56% used [0x00000000ec280000,0x00000000ec310000,0x00000000ec380000)
  to   space 512K, 0% used [0x00000000ec380000,0x00000000ec380000,0x00000000ec400000)
 ParOldGen       total 68608K, used 57550K [0x00000000c0000000, 0x00000000c4300000, 0x00000000eab00000)
  object space 68608K, 83% used [0x00000000c0000000,0x00000000c3833a48,0x00000000c4300000)
 Metaspace       used 65354K, committed 66368K, reserved 1114112K
  class space    used 7482K, committed 7936K, reserved 1048576K
}
Event: 101.645 GC heap after
{Heap after GC invocations=65 (full 3):
 PSYoungGen      total 21504K, used 512K [0x00000000eab00000, 0x00000000ec400000, 0x0000000100000000)
  eden space 20992K, 0% used [0x00000000eab00000,0x00000000eab00000,0x00000000ebf80000)
  from space 512K, 100% used [0x00000000ec380000,0x00000000ec400000,0x00000000ec400000)
  to   space 1024K, 0% used [0x00000000ec200000,0x00000000ec200000,0x00000000ec300000)
 ParOldGen       total 68608K, used 57694K [0x00000000c0000000, 0x00000000c4300000, 0x00000000eab00000)
  object space 68608K, 84% used [0x00000000c0000000,0x00000000c3857a48,0x00000000c4300000)
 Metaspace       used 65354K, committed 66368K, reserved 1114112K
  class space    used 7482K, committed 7936K, reserved 1048576K
}
Event: 101.705 GC heap before
{Heap before GC invocations=66 (full 3):
 PSYoungGen      total 21504K, used 21504K [0x00000000eab00000, 0x00000000ec400000, 0x0000000100000000)
  eden space 20992K, 100% used [0x00000000eab00000,0x00000000ebf80000,0x00000000ebf80000)
  from space 512K, 100% used [0x00000000ec380000,0x00000000ec400000,0x00000000ec400000)
  to   space 1024K, 0% used [0x00000000ec200000,0x00000000ec200000,0x00000000ec300000)
 ParOldGen       total 68608K, used 57694K [0x00000000c0000000, 0x00000000c4300000, 0x00000000eab00000)
  object space 68608K, 84% used [0x00000000c0000000,0x00000000c3857a48,0x00000000c4300000)
 Metaspace       used 65358K, committed 66368K, reserved 1114112K
  class space    used 7482K, committed 7936K, reserved 1048576K
}
Event: 101.706 GC heap after
{Heap after GC invocations=66 (full 3):
 PSYoungGen      total 22016K, used 544K [0x00000000eab00000, 0x00000000ec400000, 0x0000000100000000)
  eden space 20992K, 0% used [0x00000000eab00000,0x00000000eab00000,0x00000000ebf80000)
  from space 1024K, 53% used [0x00000000ec200000,0x00000000ec288000,0x00000000ec300000)
  to   space 1024K, 0% used [0x00000000ec300000,0x00000000ec300000,0x00000000ec400000)
 ParOldGen       total 68608K, used 57854K [0x00000000c0000000, 0x00000000c4300000, 0x00000000eab00000)
  object space 68608K, 84% used [0x00000000c0000000,0x00000000c387fa48,0x00000000c4300000)
 Metaspace       used 65358K, committed 66368K, reserved 1114112K
  class space    used 7482K, committed 7936K, reserved 1048576K
}
Event: 101.760 GC heap before
{Heap before GC invocations=67 (full 3):
 PSYoungGen      total 22016K, used 21536K [0x00000000eab00000, 0x00000000ec400000, 0x0000000100000000)
  eden space 20992K, 100% used [0x00000000eab00000,0x00000000ebf80000,0x00000000ebf80000)
  from space 1024K, 53% used [0x00000000ec200000,0x00000000ec288000,0x00000000ec300000)
  to   space 1024K, 0% used [0x00000000ec300000,0x00000000ec300000,0x00000000ec400000)
 ParOldGen       total 68608K, used 57854K [0x00000000c0000000, 0x00000000c4300000, 0x00000000eab00000)
  object space 68608K, 84% used [0x00000000c0000000,0x00000000c387fa48,0x00000000c4300000)
 Metaspace       used 65358K, committed 66368K, reserved 1114112K
  class space    used 7482K, committed 7936K, reserved 1048576K
}
Event: 101.761 GC heap after
{Heap after GC invocations=67 (full 3):
 PSYoungGen      total 22016K, used 576K [0x00000000eab00000, 0x00000000ec400000, 0x0000000100000000)
  eden space 20992K, 0% used [0x00000000eab00000,0x00000000eab00000,0x00000000ebf80000)
  from space 1024K, 56% used [0x00000000ec300000,0x00000000ec390000,0x00000000ec400000)
  to   space 1024K, 0% used [0x00000000ec200000,0x00000000ec200000,0x00000000ec300000)
 ParOldGen       total 68608K, used 58046K [0x00000000c0000000, 0x00000000c4300000, 0x00000000eab00000)
  object space 68608K, 84% used [0x00000000c0000000,0x00000000c38afa48,0x00000000c4300000)
 Metaspace       used 65358K, committed 66368K, reserved 1114112K
  class space    used 7482K, committed 7936K, reserved 1048576K
}
Event: 101.817 GC heap before
{Heap before GC invocations=68 (full 3):
 PSYoungGen      total 22016K, used 21568K [0x00000000eab00000, 0x00000000ec400000, 0x0000000100000000)
  eden space 20992K, 100% used [0x00000000eab00000,0x00000000ebf80000,0x00000000ebf80000)
  from space 1024K, 56% used [0x00000000ec300000,0x00000000ec390000,0x00000000ec400000)
  to   space 1024K, 0% used [0x00000000ec200000,0x00000000ec200000,0x00000000ec300000)
 ParOldGen       total 68608K, used 58046K [0x00000000c0000000, 0x00000000c4300000, 0x00000000eab00000)
  object space 68608K, 84% used [0x00000000c0000000,0x00000000c38afa48,0x00000000c4300000)
 Metaspace       used 65359K, committed 66368K, reserved 1114112K
  class space    used 7482K, committed 7936K, reserved 1048576K
}
Event: 101.818 GC heap after
{Heap after GC invocations=68 (full 3):
 PSYoungGen      total 22016K, used 448K [0x00000000eab00000, 0x00000000ec380000, 0x0000000100000000)
  eden space 20992K, 0% used [0x00000000eab00000,0x00000000eab00000,0x00000000ebf80000)
  from space 1024K, 43% used [0x00000000ec200000,0x00000000ec270000,0x00000000ec300000)
  to   space 512K, 0% used [0x00000000ec300000,0x00000000ec300000,0x00000000ec380000)
 ParOldGen       total 68608K, used 58158K [0x00000000c0000000, 0x00000000c4300000, 0x00000000eab00000)
  object space 68608K, 84% used [0x00000000c0000000,0x00000000c38cba48,0x00000000c4300000)
 Metaspace       used 65359K, committed 66368K, reserved 1114112K
  class space    used 7482K, committed 7936K, reserved 1048576K
}
Event: 101.889 GC heap before
{Heap before GC invocations=69 (full 3):
 PSYoungGen      total 22016K, used 21440K [0x00000000eab00000, 0x00000000ec380000, 0x0000000100000000)
  eden space 20992K, 100% used [0x00000000eab00000,0x00000000ebf80000,0x00000000ebf80000)
  from space 1024K, 43% used [0x00000000ec200000,0x00000000ec270000,0x00000000ec300000)
  to   space 512K, 0% used [0x00000000ec300000,0x00000000ec300000,0x00000000ec380000)
 ParOldGen       total 68608K, used 58158K [0x00000000c0000000, 0x00000000c4300000, 0x00000000eab00000)
  object space 68608K, 84% used [0x00000000c0000000,0x00000000c38cba48,0x00000000c4300000)
 Metaspace       used 65360K, committed 66368K, reserved 1114112K
  class space    used 7482K, committed 7936K, reserved 1048576K
}
Event: 101.891 GC heap after
{Heap after GC invocations=69 (full 3):
 PSYoungGen      total 21504K, used 512K [0x00000000eab00000, 0x00000000ec380000, 0x0000000100000000)
  eden space 20992K, 0% used [0x00000000eab00000,0x00000000eab00000,0x00000000ebf80000)
  from space 512K, 100% used [0x00000000ec300000,0x00000000ec380000,0x00000000ec380000)
  to   space 2048K, 0% used [0x00000000ebf80000,0x00000000ebf80000,0x00000000ec180000)
 ParOldGen       total 68608K, used 59422K [0x00000000c0000000, 0x00000000c4300000, 0x00000000eab00000)
  object space 68608K, 86% used [0x00000000c0000000,0x00000000c3a07a48,0x00000000c4300000)
 Metaspace       used 65360K, committed 66368K, reserved 1114112K
  class space    used 7482K, committed 7936K, reserved 1048576K
}
Event: 101.951 GC heap before
{Heap before GC invocations=70 (full 3):
 PSYoungGen      total 21504K, used 21504K [0x00000000eab00000, 0x00000000ec380000, 0x0000000100000000)
  eden space 20992K, 100% used [0x00000000eab00000,0x00000000ebf80000,0x00000000ebf80000)
  from space 512K, 100% used [0x00000000ec300000,0x00000000ec380000,0x00000000ec380000)
  to   space 2048K, 0% used [0x00000000ebf80000,0x00000000ebf80000,0x00000000ec180000)
 ParOldGen       total 68608K, used 59422K [0x00000000c0000000, 0x00000000c4300000, 0x00000000eab00000)
  object space 68608K, 86% used [0x00000000c0000000,0x00000000c3a07a48,0x00000000c4300000)
 Metaspace       used 65363K, committed 66368K, reserved 1114112K
  class space    used 7482K, committed 7936K, reserved 1048576K
}
Event: 101.953 GC heap after
{Heap after GC invocations=70 (full 3):
 PSYoungGen      total 23040K, used 896K [0x00000000eab00000, 0x00000000ec380000, 0x0000000100000000)
  eden space 20992K, 0% used [0x00000000eab00000,0x00000000eab00000,0x00000000ebf80000)
  from space 2048K, 43% used [0x00000000ebf80000,0x00000000ec060008,0x00000000ec180000)
  to   space 1536K, 0% used [0x00000000ec200000,0x00000000ec200000,0x00000000ec380000)
 ParOldGen       total 68608K, used 59822K [0x00000000c0000000, 0x00000000c4300000, 0x00000000eab00000)
  object space 68608K, 87% used [0x00000000c0000000,0x00000000c3a6ba48,0x00000000c4300000)
 Metaspace       used 65363K, committed 66368K, reserved 1114112K
  class space    used 7482K, committed 7936K, reserved 1048576K
}
Event: 102.089 GC heap before
{Heap before GC invocations=71 (full 3):
 PSYoungGen      total 23040K, used 21888K [0x00000000eab00000, 0x00000000ec380000, 0x0000000100000000)
  eden space 20992K, 100% used [0x00000000eab00000,0x00000000ebf80000,0x00000000ebf80000)
  from space 2048K, 43% used [0x00000000ebf80000,0x00000000ec060008,0x00000000ec180000)
  to   space 1536K, 0% used [0x00000000ec200000,0x00000000ec200000,0x00000000ec380000)
 ParOldGen       total 68608K, used 59822K [0x00000000c0000000, 0x00000000c4300000, 0x00000000eab00000)
  object space 68608K, 87% used [0x00000000c0000000,0x00000000c3a6ba48,0x00000000c4300000)
 Metaspace       used 65373K, committed 66368K, reserved 1114112K
  class space    used 7482K, committed 7936K, reserved 1048576K
}
Event: 102.091 GC heap after
{Heap after GC invocations=71 (full 3):
 PSYoungGen      total 21504K, used 480K [0x00000000eab00000, 0x00000000ec280000, 0x0000000100000000)
  eden space 20992K, 0% used [0x00000000eab00000,0x00000000eab00000,0x00000000ebf80000)
  from space 512K, 93% used [0x00000000ec200000,0x00000000ec278000,0x00000000ec280000)
  to   space 1024K, 0% used [0x00000000ec080000,0x00000000ec080000,0x00000000ec180000)
 ParOldGen       total 68608K, used 60414K [0x00000000c0000000, 0x00000000c4300000, 0x00000000eab00000)
  object space 68608K, 88% used [0x00000000c0000000,0x00000000c3affa50,0x00000000c4300000)
 Metaspace       used 65373K, committed 66368K, reserved 1114112K
  class space    used 7482K, committed 7936K, reserved 1048576K
}
Event: 102.183 GC heap before
{Heap before GC invocations=72 (full 3):
 PSYoungGen      total 21504K, used 21471K [0x00000000eab00000, 0x00000000ec280000, 0x0000000100000000)
  eden space 20992K, 99% used [0x00000000eab00000,0x00000000ebf7ff60,0x00000000ebf80000)
  from space 512K, 93% used [0x00000000ec200000,0x00000000ec278000,0x00000000ec280000)
  to   space 1024K, 0% used [0x00000000ec080000,0x00000000ec080000,0x00000000ec180000)
 ParOldGen       total 68608K, used 60414K [0x00000000c0000000, 0x00000000c4300000, 0x00000000eab00000)
  object space 68608K, 88% used [0x00000000c0000000,0x00000000c3affa50,0x00000000c4300000)
 Metaspace       used 65480K, committed 66432K, reserved 1114112K
  class space    used 7489K, committed 7936K, reserved 1048576K
}
Event: 102.185 GC heap after
{Heap after GC invocations=72 (full 3):
 PSYoungGen      total 22016K, used 992K [0x00000000eab00000, 0x00000000ec480000, 0x0000000100000000)
  eden space 20992K, 0% used [0x00000000eab00000,0x00000000eab00000,0x00000000ebf80000)
  from space 1024K, 96% used [0x00000000ec080000,0x00000000ec178008,0x00000000ec180000)
  to   space 2560K, 0% used [0x00000000ec200000,0x00000000ec200000,0x00000000ec480000)
 ParOldGen       total 68608K, used 61342K [0x00000000c0000000, 0x00000000c4300000, 0x00000000eab00000)
  object space 68608K, 89% used [0x00000000c0000000,0x00000000c3be7a50,0x00000000c4300000)
 Metaspace       used 65480K, committed 66432K, reserved 1114112K
  class space    used 7489K, committed 7936K, reserved 1048576K
}
Event: 102.494 GC heap before
{Heap before GC invocations=73 (full 3):
 PSYoungGen      total 22016K, used 21983K [0x00000000eab00000, 0x00000000ec480000, 0x0000000100000000)
  eden space 20992K, 99% used [0x00000000eab00000,0x00000000ebf7ffd0,0x00000000ebf80000)
  from space 1024K, 96% used [0x00000000ec080000,0x00000000ec178008,0x00000000ec180000)
  to   space 2560K, 0% used [0x00000000ec200000,0x00000000ec200000,0x00000000ec480000)
 ParOldGen       total 68608K, used 61342K [0x00000000c0000000, 0x00000000c4300000, 0x00000000eab00000)
  object space 68608K, 89% used [0x00000000c0000000,0x00000000c3be7a50,0x00000000c4300000)
 Metaspace       used 66328K, committed 67392K, reserved 1114112K
  class space    used 7577K, committed 8064K, reserved 1048576K
}
Event: 102.497 GC heap after
{Heap after GC invocations=73 (full 3):
 PSYoungGen      total 22016K, used 704K [0x00000000eab00000, 0x00000000ec300000, 0x0000000100000000)
  eden space 20992K, 0% used [0x00000000eab00000,0x00000000eab00000,0x00000000ebf80000)
  from space 1024K, 68% used [0x00000000ec200000,0x00000000ec2b0000,0x00000000ec300000)
  to   space 1536K, 0% used [0x00000000ec000000,0x00000000ec000000,0x00000000ec180000)
 ParOldGen       total 68608K, used 62158K [0x00000000c0000000, 0x00000000c4300000, 0x00000000eab00000)
  object space 68608K, 90% used [0x00000000c0000000,0x00000000c3cb3a58,0x00000000c4300000)
 Metaspace       used 66328K, committed 67392K, reserved 1114112K
  class space    used 7577K, committed 8064K, reserved 1048576K
}
Event: 3005.738 GC heap before
{Heap before GC invocations=74 (full 3):
 PSYoungGen      total 22016K, used 21695K [0x00000000eab00000, 0x00000000ec300000, 0x0000000100000000)
  eden space 20992K, 99% used [0x00000000eab00000,0x00000000ebf7fff0,0x00000000ebf80000)
  from space 1024K, 68% used [0x00000000ec200000,0x00000000ec2b0000,0x00000000ec300000)
  to   space 1536K, 0% used [0x00000000ec000000,0x00000000ec000000,0x00000000ec180000)
 ParOldGen       total 68608K, used 62158K [0x00000000c0000000, 0x00000000c4300000, 0x00000000eab00000)
  object space 68608K, 90% used [0x00000000c0000000,0x00000000c3cb3a58,0x00000000c4300000)
 Metaspace       used 66655K, committed 67712K, reserved 1114112K
  class space    used 7604K, committed 8064K, reserved 1048576K
}
Event: 3005.742 GC heap after
{Heap after GC invocations=74 (full 3):
 PSYoungGen      total 22528K, used 432K [0x00000000eab00000, 0x00000000ec280000, 0x0000000100000000)
  eden space 20992K, 0% used [0x00000000eab00000,0x00000000eab00000,0x00000000ebf80000)
  from space 1536K, 28% used [0x00000000ec000000,0x00000000ec06c010,0x00000000ec180000)
  to   space 1024K, 0% used [0x00000000ec180000,0x00000000ec180000,0x00000000ec280000)
 ParOldGen       total 68608K, used 62520K [0x00000000c0000000, 0x00000000c4300000, 0x00000000eab00000)
  object space 68608K, 91% used [0x00000000c0000000,0x00000000c3d0e0f0,0x00000000c4300000)
 Metaspace       used 66655K, committed 67712K, reserved 1114112K
  class space    used 7604K, committed 8064K, reserved 1048576K
}

